<?xml version="1.0" encoding="UTF-8"?>
<!-- Generated by org.testng.reporters.JUnitReportReporter -->
<testsuite hostname="LAPTOP-L2HFIA4N" failures="0" tests="1" name="newsPageSuite.VerifyNewsLink" time="2.913" errors="0" timestamp="2020-12-02T16:54:52 EST" skipped="0">
  <testcase classname="newsPageSuite.VerifyNewsLink" name="VerifyNewsLinkTest" time="2.913"/>
  <system-out/>
</testsuite> <!-- newsPageSuite.VerifyNewsLink -->
