<?xml version="1.0" encoding="UTF-8"?>
<!-- Generated by org.testng.reporters.JUnitReportReporter -->
<testsuite hostname="LAPTOP-L2HFIA4N" failures="0" tests="1" name="aboutPageSuite.VerifyAboutParagraphText" time="0.377" errors="0" timestamp="2020-12-02T16:54:52 EST" skipped="0">
  <testcase classname="aboutPageSuite.VerifyAboutParagraphText" name="VerifyAboutPageNavigationTest" time="0.377"/>
  <system-out/>
</testsuite> <!-- aboutPageSuite.VerifyAboutParagraphText -->
