<?xml version="1.0" encoding="UTF-8"?>
<!-- Generated by org.testng.reporters.JUnitReportReporter -->
<testsuite hostname="LAPTOP-L2HFIA4N" failures="0" tests="1" name="homePageSuite.VerifyWebsiteURL" time="0.615" errors="0" timestamp="2020-12-02T16:54:52 EST" skipped="0">
  <testcase classname="homePageSuite.VerifyWebsiteURL" name="VerifyWebsiteURLTest" time="0.615"/>
  <system-out/>
</testsuite> <!-- homePageSuite.VerifyWebsiteURL -->
