<?xml version="1.0" encoding="UTF-8"?>
<!-- Generated by org.testng.reporters.JUnitReportReporter -->
<testsuite hostname="LAPTOP-L2HFIA4N" failures="0" tests="3" name="homePageSuite.VerifyInvalidZipCode" time="6.556" errors="0" timestamp="2020-12-02T16:54:52 EST" skipped="0">
  <testcase classname="homePageSuite.VerifyInvalidZipCode" name="VerifyInvalidZipCodeTest" time="1.813"/>
  <system-out/>
  <testcase classname="homePageSuite.VerifyInvalidZipCode" name="VerifyInvalidZipCodeTest" time="2.093"/>
  <system-out/>
  <testcase classname="homePageSuite.VerifyInvalidZipCode" name="VerifyInvalidZipCodeTest" time="2.650"/>
  <system-out/>
</testsuite> <!-- homePageSuite.VerifyInvalidZipCode -->
