<?xml version="1.0" encoding="UTF-8"?>
<!-- Generated by org.testng.reporters.JUnitReportReporter -->
<testsuite hostname="LAPTOP-L2HFIA4N" failures="0" tests="1" name="homePageSuite.VerifyHomePageNavigation" time="0.420" errors="0" timestamp="2020-12-02T16:54:52 EST" skipped="0">
  <testcase classname="homePageSuite.VerifyHomePageNavigation" name="VerifyHomePageNavigationTest" time="0.420"/>
  <system-out/>
</testsuite> <!-- homePageSuite.VerifyHomePageNavigation -->
