<?xml version="1.0" encoding="UTF-8"?>
<!-- Generated by org.testng.reporters.JUnitReportReporter -->
<testsuite skipped="0" hostname="DESKTOP-PBOH56B" name="newsPageSuite.VerifyNewsPageUI" tests="1" failures="0" timestamp="2020-12-01T17:01:00 EST" time="2.458" errors="0">
  <testcase name="VerifyNewsPageNavigationTest" time="2.458" classname="newsPageSuite.VerifyNewsPageUI"/>
  <system-out/>
</testsuite> <!-- newsPageSuite.VerifyNewsPageUI -->
