<?xml version="1.0" encoding="UTF-8"?>
<!-- Generated by org.testng.reporters.JUnitReportReporter -->
<testsuite hostname="LAPTOP-L2HFIA4N" failures="0" tests="2" name="homePageSuite.VerifyValidZipCode" time="18.903" errors="0" timestamp="2020-12-02T16:54:52 EST" skipped="0">
  <testcase classname="homePageSuite.VerifyValidZipCode" name="VerifyValidZipCodeTest" time="9.112"/>
  <system-out/>
  <testcase classname="homePageSuite.VerifyValidZipCode" name="VerifyValidZipCodeTest" time="9.791"/>
  <system-out/>
</testsuite> <!-- homePageSuite.VerifyValidZipCode -->
