<?xml version="1.0" encoding="UTF-8"?>
<!-- Generated by org.testng.reporters.JUnitReportReporter -->
<testsuite skipped="0" hostname="DESKTOP-PBOH56B" name="homePageSuite.ValidateHomePageUI" tests="1" failures="0" timestamp="2020-11-30T22:56:30 EST" time="0.382" errors="0">
  <testcase name="ValidateHomePageUITest" time="0.382" classname="homePageSuite.ValidateHomePageUI"/>
  <system-out/>
</testsuite> <!-- homePageSuite.ValidateHomePageUI -->
