<?xml version="1.0" encoding="UTF-8"?>
<!-- Generated by org.testng.reporters.JUnitReportReporter -->
<testsuite skipped="0" hostname="DESKTOP-PBOH56B" name="homePageSuite.VerifyHomeButton" tests="1" failures="0" timestamp="2020-11-30T22:26:42 EST" time="0.265" errors="0">
  <testcase name="VerifyHomeButtonTest" time="0.265" classname="homePageSuite.VerifyHomeButton"/>
  <system-out/>
</testsuite> <!-- homePageSuite.VerifyHomeButton -->
