<?xml version="1.0" encoding="UTF-8"?>
<!-- Generated by org.testng.reporters.JUnitReportReporter -->
<testsuite skipped="0" hostname="DESKTOP-PBOH56B" name="homePageSuite.VerifyHomeBtnNavigation" tests="1" failures="0" timestamp="2020-11-30T22:31:05 EST" time="0.284" errors="0">
  <testcase name="VerifyHomeBtnNavigationTest" time="0.284" classname="homePageSuite.VerifyHomeBtnNavigation"/>
  <system-out/>
</testsuite> <!-- homePageSuite.VerifyHomeBtnNavigation -->
