<?xml version="1.0" encoding="UTF-8"?>
<!-- Generated by org.testng.reporters.JUnitReportReporter -->
<testsuite hostname="LAPTOP-L2HFIA4N" failures="0" tests="1" name="newsPageSuite.VerifyNewsPageNavigation" time="3.239" errors="0" timestamp="2020-12-02T16:54:52 EST" skipped="0">
  <testcase classname="newsPageSuite.VerifyNewsPageNavigation" name="VerifyNewsPageNavigationTest" time="3.239"/>
  <system-out/>
</testsuite> <!-- newsPageSuite.VerifyNewsPageNavigation -->
